<?xml version="1.0" encoding="UTF-8"?>
<!-- Generated by org.testng.reporters.JUnitReportReporter -->
<testsuite skipped="0" hostname="Natalias-MBP.home" name="com.hrms.testbase.LeaveListPageTest" tests="1" failures="0" timestamp="2020-01-19T12:40:36 EST" time="14.192" errors="0">
  <testcase name="leaveLabelValidation" time="14.192" classname="com.hrms.testbase.LeaveListPageTest"/>
</testsuite> <!-- com.hrms.testbase.LeaveListPageTest -->
