<?xml version="1.0" encoding="UTF-8"?>
<!-- Generated by org.testng.reporters.JUnitReportReporter -->
<testsuite skipped="0" hostname="Natalias-MBP.home" name="com.practice.LoginPropertiesFileTest" tests="2" failures="0" timestamp="2020-01-23T00:11:16 EST" time="11.223" errors="0">
  <testcase name="login" time="7.881" classname="com.practice.LoginPropertiesFileTest"/>
  <testcase name="addEmployeeExcelReader" time="3.342" classname="com.practice.LoginPropertiesFileTest"/>
</testsuite> <!-- com.practice.LoginPropertiesFileTest -->
