<?xml version="1.0" encoding="UTF-8"?>
<!-- Generated by org.testng.reporters.JUnitReportReporter -->
<testsuite skipped="0" hostname="Natalias-MBP.home" name="com.hrms.testcases.EmployeeListToExcelPageTest" tests="1" failures="0" timestamp="2020-01-23T03:59:28 EST" time="15.651" errors="0">
  <testcase name="employeeListWriteToExcel" time="15.651" classname="com.hrms.testcases.EmployeeListToExcelPageTest"/>
</testsuite> <!-- com.hrms.testcases.EmployeeListToExcelPageTest -->
