<?xml version="1.0" encoding="UTF-8"?>
<!-- Generated by org.testng.reporters.JUnitReportReporter -->
<testsuite skipped="0" hostname="Natalias-MBP.home" name="com.hrms.testcases.LeaveListPageTest" tests="2" failures="0" timestamp="2020-01-19T14:15:19 EST" time="17.299" errors="0">
  <testcase name="leaveLabelValidation1" time="8.191" classname="com.hrms.testcases.LeaveListPageTest"/>
  <testcase name="leaveLabelValidation" time="9.108" classname="com.hrms.testcases.LeaveListPageTest"/>
</testsuite> <!-- com.hrms.testcases.LeaveListPageTest -->
