<?xml version="1.0" encoding="UTF-8"?>
<!-- Generated by org.testng.reporters.JUnitReportReporter -->
<testsuite skipped="0" hostname="Natalias-MBP.home" name="com.hrms.testcases.AddEmployeeFromExcelPageTest" tests="7" failures="0" timestamp="2020-01-23T02:41:18 EST" time="90.169" errors="0">
  <testcase name="createEmployeeFromExcel" time="12.500" classname="com.hrms.testcases.AddEmployeeFromExcelPageTest"/>
  <testcase name="createEmployeeFromExcel" time="13.212" classname="com.hrms.testcases.AddEmployeeFromExcelPageTest"/>
  <testcase name="createEmployeeFromExcel" time="14.031" classname="com.hrms.testcases.AddEmployeeFromExcelPageTest"/>
  <testcase name="createEmployeeFromExcel" time="14.091" classname="com.hrms.testcases.AddEmployeeFromExcelPageTest"/>
  <testcase name="createEmployeeFromExcel" time="11.278" classname="com.hrms.testcases.AddEmployeeFromExcelPageTest"/>
  <testcase name="createEmployeeFromExcel" time="12.174" classname="com.hrms.testcases.AddEmployeeFromExcelPageTest"/>
  <testcase name="createEmployeeFromExcel" time="12.883" classname="com.hrms.testcases.AddEmployeeFromExcelPageTest"/>
</testsuite> <!-- com.hrms.testcases.AddEmployeeFromExcelPageTest -->
