<?xml version="1.0" encoding="UTF-8"?>
<!-- Generated by org.testng.reporters.JUnitReportReporter -->
<testsuite skipped="0" hostname="Natalias-MBP.home" name="com.hrms.testcases.LoginPageTest" tests="2" failures="0" timestamp="2020-01-25T11:46:41 EST" time="24.868" errors="0">
  <testcase name="negativeLogin" time="8.570" classname="com.hrms.testcases.LoginPageTest"/>
  <testcase name="loginWithProperties" time="16.298" classname="com.hrms.testcases.LoginPageTest"/>
</testsuite> <!-- com.hrms.testcases.LoginPageTest -->
