<?xml version="1.0" encoding="UTF-8"?>
<!-- Generated by org.testng.reporters.JUnitReportReporter -->
<testsuite skipped="0" hostname="Natalias-MBP.home" name="com.hrms.testcases.LoginPageTest" tests="2" failures="0" timestamp="2020-01-25T12:34:43 EST" time="20.855" errors="0">
  <testcase name="loginWithProperties" time="6.338" classname="com.hrms.testcases.LoginPageTest"/>
  <testcase name="negativeLogin" time="14.517" classname="com.hrms.testcases.LoginPageTest"/>
</testsuite> <!-- com.hrms.testcases.LoginPageTest -->
