<?xml version="1.0" encoding="UTF-8"?>
<!-- Generated by org.testng.reporters.JUnitReportReporter -->
<testsuite skipped="0" hostname="Natalias-MBP.home" name="com.hrms.testcases.LeaveListPageTest" tests="2" failures="0" timestamp="2020-01-25T23:04:02 EST" time="18.414" errors="0">
  <testcase name="leaveLabelValidation" time="9.914" classname="com.hrms.testcases.LeaveListPageTest"/>
  <testcase name="leaveLabelValidation1" time="8.500" classname="com.hrms.testcases.LeaveListPageTest"/>
</testsuite> <!-- com.hrms.testcases.LeaveListPageTest -->
