<?xml version="1.0" encoding="UTF-8"?>
<!-- Generated by org.testng.reporters.JUnitReportReporter -->
<testsuite skipped="0" hostname="Natalias-MBP.home" name="com.hrms.testcases.LeaveListPageTest" tests="2" failures="0" timestamp="2020-01-22T01:58:33 EST" time="15.780" errors="0">
  <testcase name="leaveLabelValidation" time="8.319" classname="com.hrms.testcases.LeaveListPageTest"/>
  <testcase name="leaveLabelValidation1" time="7.461" classname="com.hrms.testcases.LeaveListPageTest"/>
</testsuite> <!-- com.hrms.testcases.LeaveListPageTest -->
