<?xml version="1.0" encoding="UTF-8"?>
<!-- Generated by org.testng.reporters.JUnitReportReporter -->
<testsuite skipped="0" hostname="Natalias-MBP.home" name="com.hrms.testcases.LeaveListPageTest" tests="1" failures="0" timestamp="2020-01-19T13:42:54 EST" time="7.983" errors="0">
  <testcase name="leaveLabelValidation" time="7.983" classname="com.hrms.testcases.LeaveListPageTest"/>
</testsuite> <!-- com.hrms.testcases.LeaveListPageTest -->
