<?xml version="1.0" encoding="UTF-8"?>
<!-- Generated by org.testng.reporters.JUnitReportReporter -->
<testsuite skipped="0" hostname="Natalias-MBP.home" name="com.hrms.testcases.AddEmployeePageTest" tests="1" failures="0" timestamp="2020-01-25T11:46:41 EST" time="28.963" errors="0">
  <testcase name="AddNewEmployee" time="28.963" classname="com.hrms.testcases.AddEmployeePageTest"/>
</testsuite> <!-- com.hrms.testcases.AddEmployeePageTest -->
