<?xml version="1.0" encoding="UTF-8"?>
<!-- Generated by org.testng.reporters.JUnitReportReporter -->
<testsuite skipped="0" hostname="Natalias-MBP.home" name="com.hrms.testcases.LoginPageTest" tests="2" failures="0" timestamp="2020-01-21T21:19:52 EST" time="14.012" errors="0">
  <testcase name="loginWithProperties" time="8.203" classname="com.hrms.testcases.LoginPageTest"/>
  <testcase name="negativeLogin" time="5.809" classname="com.hrms.testcases.LoginPageTest"/>
</testsuite> <!-- com.hrms.testcases.LoginPageTest -->
