<?xml version="1.0" encoding="UTF-8"?>
<!-- Generated by org.testng.reporters.JUnitReportReporter -->
<testsuite skipped="0" hostname="Natalias-MBP.home" name="com.practice.XLReader" tests="1" failures="0" timestamp="2020-01-22T02:51:53 EST" time="0.430" errors="0">
  <testcase name="read" time="0.430" classname="com.practice.XLReader"/>
</testsuite> <!-- com.practice.XLReader -->
