<?xml version="1.0" encoding="UTF-8"?>
<!-- Generated by org.testng.reporters.JUnitReportReporter -->
<testsuite skipped="0" hostname="Natalias-MBP.home" name="com.hrms.testcases.AddEmployeeFromExcelPageTest" tests="6" failures="0" timestamp="2020-01-23T20:03:51 EST" time="85.104" errors="0">
  <testcase name="createEmployeeFromExcel" time="15.750" classname="com.hrms.testcases.AddEmployeeFromExcelPageTest"/>
  <testcase name="createEmployeeFromExcel" time="13.860" classname="com.hrms.testcases.AddEmployeeFromExcelPageTest"/>
  <testcase name="createEmployeeFromExcel" time="13.861" classname="com.hrms.testcases.AddEmployeeFromExcelPageTest"/>
  <testcase name="createEmployeeFromExcel" time="12.586" classname="com.hrms.testcases.AddEmployeeFromExcelPageTest"/>
  <testcase name="createEmployeeFromExcel" time="13.570" classname="com.hrms.testcases.AddEmployeeFromExcelPageTest"/>
  <testcase name="createEmployeeFromExcel" time="15.477" classname="com.hrms.testcases.AddEmployeeFromExcelPageTest"/>
</testsuite> <!-- com.hrms.testcases.AddEmployeeFromExcelPageTest -->
