<?xml version="1.0" encoding="UTF-8"?>
<!-- Generated by org.testng.reporters.JUnitReportReporter -->
<testsuite skipped="0" hostname="Natalias-MBP.home" name="com.hrms.testcases.LoginPageTest" tests="4" failures="0" timestamp="2020-01-21T17:10:08 EST" time="19.484" errors="0">
  <testcase name="login" time="4.770" classname="com.hrms.testcases.LoginPageTest"/>
  <testcase name="logo" time="2.634" classname="com.hrms.testcases.LoginPageTest"/>
  <testcase name="negativeLogin" time="5.852" classname="com.hrms.testcases.LoginPageTest"/>
  <testcase name="loginWithProperties" time="6.228" classname="com.hrms.testcases.LoginPageTest"/>
</testsuite> <!-- com.hrms.testcases.LoginPageTest -->
