<?xml version="1.0" encoding="UTF-8"?>
<!-- Generated by org.testng.reporters.JUnitReportReporter -->
<testsuite skipped="0" hostname="Natalias-MBP.home" name="com.hrms.testcases.LoginPageTest" tests="1" failures="0" timestamp="2020-01-19T13:42:54 EST" time="6.417" errors="0">
  <testcase name="negativeLogin" time="6.417" classname="com.hrms.testcases.LoginPageTest"/>
</testsuite> <!-- com.hrms.testcases.LoginPageTest -->
