<?xml version="1.0" encoding="UTF-8"?>
<!-- Generated by org.testng.reporters.JUnitReportReporter -->
<testsuite skipped="0" hostname="Natalias-MBP.home" name="com.testcases.LoginPageTest" tests="3" failures="0" timestamp="2020-01-19T11:44:14 EST" time="17.846" errors="0">
  <testcase name="login" time="9.052" classname="com.testcases.LoginPageTest"/>
  <testcase name="negativeLogin" time="5.676" classname="com.testcases.LoginPageTest"/>
  <testcase name="logo" time="3.118" classname="com.testcases.LoginPageTest"/>
</testsuite> <!-- com.testcases.LoginPageTest -->
