<?xml version="1.0" encoding="UTF-8"?>
<!-- Generated by org.testng.reporters.JUnitReportReporter -->
<testsuite skipped="0" hostname="Natalias-MBP.home" name="com.practice.LoginPropertiesFileTest" tests="1" failures="0" timestamp="2020-01-20T01:19:49 EST" time="7.822" errors="0">
  <testcase name="login" time="7.822" classname="com.practice.LoginPropertiesFileTest"/>
</testsuite> <!-- com.practice.LoginPropertiesFileTest -->
