<?xml version="1.0" encoding="UTF-8"?>
<!-- Generated by org.testng.reporters.JUnitReportReporter -->
<testsuite skipped="0" hostname="Natalias-MBP.home" name="com.hrms.testcases.LoginPageTest" tests="4" failures="0" timestamp="2020-01-21T20:26:12 EST" time="20.344" errors="0">
  <testcase name="login" time="5.011" classname="com.hrms.testcases.LoginPageTest"/>
  <testcase name="logo" time="2.646" classname="com.hrms.testcases.LoginPageTest"/>
  <testcase name="negativeLogin" time="6.219" classname="com.hrms.testcases.LoginPageTest"/>
  <testcase name="loginWithProperties" time="6.468" classname="com.hrms.testcases.LoginPageTest"/>
</testsuite> <!-- com.hrms.testcases.LoginPageTest -->
