<?xml version="1.0" encoding="UTF-8"?>
<!-- Generated by org.testng.reporters.JUnitReportReporter -->
<testsuite skipped="0" hostname="Natalias-MBP.home" name="com.hrms.testcases.AddEmployeePageTest" tests="1" failures="0" timestamp="2020-01-22T01:58:33 EST" time="15.852" errors="0">
  <testcase name="AddNewEmployee" time="15.852" classname="com.hrms.testcases.AddEmployeePageTest"/>
</testsuite> <!-- com.hrms.testcases.AddEmployeePageTest -->
