<?xml version="1.0" encoding="UTF-8"?>
<!-- Generated by org.testng.reporters.JUnitReportReporter -->
<testsuite skipped="0" hostname="Natalias-MBP.home" name="com.hrms.testcases.LeaveListPageTest" tests="2" failures="0" timestamp="2020-01-21T11:33:31 EST" time="17.038" errors="0">
  <testcase name="leaveLabelValidation1" time="8.128" classname="com.hrms.testcases.LeaveListPageTest"/>
  <testcase name="leaveLabelValidation" time="8.910" classname="com.hrms.testcases.LeaveListPageTest"/>
</testsuite> <!-- com.hrms.testcases.LeaveListPageTest -->
