<?xml version="1.0" encoding="UTF-8"?>
<!-- Generated by org.testng.reporters.JUnitReportReporter -->
<testsuite skipped="0" hostname="Natalias-MBP.home" name="com.hrms.testcases.AddEmployeeFromExcelPageTest" tests="6" failures="0" timestamp="2020-01-24T01:32:22 EST" time="84.814" errors="0">
  <testcase name="createEmployeeFromExcel" time="16.975" classname="com.hrms.testcases.AddEmployeeFromExcelPageTest"/>
  <testcase name="createEmployeeFromExcel" time="14.783" classname="com.hrms.testcases.AddEmployeeFromExcelPageTest"/>
  <testcase name="createEmployeeFromExcel" time="12.812" classname="com.hrms.testcases.AddEmployeeFromExcelPageTest"/>
  <testcase name="createEmployeeFromExcel" time="12.423" classname="com.hrms.testcases.AddEmployeeFromExcelPageTest"/>
  <testcase name="createEmployeeFromExcel" time="14.054" classname="com.hrms.testcases.AddEmployeeFromExcelPageTest"/>
  <testcase name="createEmployeeFromExcel" time="13.767" classname="com.hrms.testcases.AddEmployeeFromExcelPageTest"/>
</testsuite> <!-- com.hrms.testcases.AddEmployeeFromExcelPageTest -->
