<?xml version="1.0" encoding="UTF-8"?>
<!-- Generated by org.testng.reporters.JUnitReportReporter -->
<testsuite skipped="0" hostname="Natalias-MBP.home" name="com.practice.WriteToExcel" tests="1" failures="0" timestamp="2020-01-23T03:02:38 EST" time="0.505" errors="0">
  <testcase name="writeToExcel" time="0.505" classname="com.practice.WriteToExcel"/>
</testsuite> <!-- com.practice.WriteToExcel -->
