<?xml version="1.0" encoding="UTF-8"?>
<!-- Generated by org.testng.reporters.JUnitReportReporter -->
<testsuite skipped="0" hostname="Natalias-MBP.home" name="com.practice.XLReadAndWriteTo2DArray" tests="1" failures="0" timestamp="2020-01-22T23:20:14 EST" time="0.451" errors="0">
  <testcase name="read" time="0.451" classname="com.practice.XLReadAndWriteTo2DArray"/>
</testsuite> <!-- com.practice.XLReadAndWriteTo2DArray -->
