<?xml version="1.0" encoding="UTF-8"?>
<!-- Generated by org.testng.reporters.JUnitReportReporter -->
<testsuite skipped="0" hostname="Natalias-MBP.home" name="com.hrms.testcases.LoginPageTest" tests="2" failures="0" timestamp="2020-01-22T01:58:33 EST" time="12.134" errors="0">
  <testcase name="negativeLogin" time="5.777" classname="com.hrms.testcases.LoginPageTest"/>
  <testcase name="loginWithProperties" time="6.357" classname="com.hrms.testcases.LoginPageTest"/>
</testsuite> <!-- com.hrms.testcases.LoginPageTest -->
