<?xml version="1.0" encoding="UTF-8"?>
<!-- Generated by org.testng.reporters.JUnitReportReporter -->
<testsuite skipped="0" hostname="Natalias-MBP.home" name="com.practice.ExcelRecap" tests="1" failures="0" timestamp="2020-01-23T19:23:29 EST" time="0.684" errors="0">
  <testcase name="readExcel" time="0.684" classname="com.practice.ExcelRecap"/>
</testsuite> <!-- com.practice.ExcelRecap -->
