<?xml version="1.0" encoding="UTF-8"?>
<!-- Generated by org.testng.reporters.JUnitReportReporter -->
<testsuite skipped="0" hostname="Natalias-MBP.home" name="com.hrms.testcases.LoginPageTest" tests="2" failures="0" timestamp="2020-01-25T12:59:23 EST" time="20.886" errors="0">
  <testcase name="negativeLogin" time="9.664" classname="com.hrms.testcases.LoginPageTest"/>
  <testcase name="loginWithProperties" time="11.222" classname="com.hrms.testcases.LoginPageTest"/>
</testsuite> <!-- com.hrms.testcases.LoginPageTest -->
