<?xml version="1.0" encoding="UTF-8"?>
<!-- Generated by org.testng.reporters.JUnitReportReporter -->
<testsuite skipped="0" hostname="Natalias-MBP.home" name="com.practice.PropertyFileReading" tests="1" failures="0" timestamp="2020-01-19T14:56:16 EST" time="0.009" errors="0">
  <testcase name="read" time="0.009" classname="com.practice.PropertyFileReading"/>
</testsuite> <!-- com.practice.PropertyFileReading -->
