<?xml version="1.0" encoding="UTF-8"?>
<!-- Generated by org.testng.reporters.JUnitReportReporter -->
<testsuite skipped="0" hostname="Natalias-MBP.home" name="com.testcases.LoignPageTest" tests="2" failures="0" timestamp="2020-01-18T18:31:28 EST" time="8.228" errors="0">
  <testcase name="login" time="5.859" classname="com.testcases.LoignPageTest"/>
  <testcase name="logo" time="2.369" classname="com.testcases.LoignPageTest"/>
</testsuite> <!-- com.testcases.LoignPageTest -->
